<?xml version="1.0" encoding="UTF-8"?>
<testsuite name="azkaban.webapp.servlet.ExecutionFlowViewTest" tests="1" skipped="0" failures="0" errors="0" timestamp="2017-06-07T20:31:33" hostname="mars" time="1.984">
  <properties/>
  <testcase name="testExternalAnalyzerButton" classname="azkaban.webapp.servlet.ExecutionFlowViewTest" time="1.984"/>
  <system-out><![CDATA[]]></system-out>
  <system-err><![CDATA[]]></system-err>
</testsuite>
