<?xml version="1.0" encoding="UTF-8"?>
<testsuite name="azkaban.restli.ResourceUtilsTest" tests="4" skipped="0" failures="0" errors="0" timestamp="2017-06-07T20:31:41" hostname="mars" time="0.028">
  <properties/>
  <testcase name="testWhenXForwardedForHeaderMultipleUpstreamsUseHeader" classname="azkaban.restli.ResourceUtilsTest" time="0.026"/>
  <testcase name="testWhenXForwardedForHeaderUseHeader" classname="azkaban.restli.ResourceUtilsTest" time="0.0"/>
  <testcase name="testWhenClientIpNoPort" classname="azkaban.restli.ResourceUtilsTest" time="0.0"/>
  <testcase name="testWhenNoXForwardedForHeaderUseClientIp" classname="azkaban.restli.ResourceUtilsTest" time="0.001"/>
  <system-out><![CDATA[]]></system-out>
  <system-err><![CDATA[]]></system-err>
</testsuite>
