<?xml version="1.0" encoding="UTF-8"?>
<testsuite name="azkaban.restli.DeployProjectTest" tests="4" skipped="0" failures="0" errors="0" timestamp="2017-06-07T20:31:41" hostname="mars" time="0.011">
  <properties/>
  <testcase name="testErrorMessageDeploy" classname="azkaban.restli.DeployProjectTest" time="0.009"/>
  <testcase name="testWarnErrorDeploy" classname="azkaban.restli.DeployProjectTest" time="0.001"/>
  <testcase name="testWarnedDeploy" classname="azkaban.restli.DeployProjectTest" time="0.0"/>
  <testcase name="testErrorDeploy" classname="azkaban.restli.DeployProjectTest" time="0.0"/>
  <system-out><![CDATA[]]></system-out>
  <system-err><![CDATA[]]></system-err>
</testsuite>
