<?xml version="1.0" encoding="UTF-8"?>
<testsuite name="azkaban.webapp.servlet.ProjectSideBarViewTest" tests="1" skipped="0" failures="0" errors="0" timestamp="2017-06-07T20:31:38" hostname="mars" time="0.164">
  <properties/>
  <testcase name="testProjectSideBarView" classname="azkaban.webapp.servlet.ProjectSideBarViewTest" time="0.164"/>
  <system-out><![CDATA[]]></system-out>
  <system-err><![CDATA[]]></system-err>
</testsuite>
