<?xml version="1.0" encoding="UTF-8"?>
<testsuite name="azkaban.db.DatabaseTransOperatorImplTest" tests="2" skipped="2" failures="0" errors="0" timestamp="2017-06-07T18:08:28" hostname="mars" time="0.007">
  <properties/>
  <testcase name="testQuery" classname="azkaban.db.DatabaseTransOperatorImplTest" time="0.001">
    <skipped/>
  </testcase>
  <testcase name="testUpdate" classname="azkaban.db.DatabaseTransOperatorImplTest" time="0.0">
    <skipped/>
  </testcase>
  <system-out><![CDATA[]]></system-out>
  <system-err><![CDATA[]]></system-err>
</testsuite>
