<?xml version="1.0" encoding="UTF-8"?>
<testsuite name="azkaban.utils.StringUtilsTest" tests="8" skipped="0" failures="0" errors="0" timestamp="2017-06-07T20:31:22" hostname="mars" time="0.013">
  <properties/>
  <testcase name="startsWithBrowserName" classname="azkaban.utils.StringUtilsTest" time="0.002"/>
  <testcase name="notBrowserWithLowercase" classname="azkaban.utils.StringUtilsTest" time="0.002"/>
  <testcase name="nullBrowserString" classname="azkaban.utils.StringUtilsTest" time="0.0"/>
  <testcase name="notBrowser" classname="azkaban.utils.StringUtilsTest" time="0.001"/>
  <testcase name="emptyBrowserString" classname="azkaban.utils.StringUtilsTest" time="0.0"/>
  <testcase name="isBrowser" classname="azkaban.utils.StringUtilsTest" time="0.0"/>
  <testcase name="endsWithBrowserName" classname="azkaban.utils.StringUtilsTest" time="0.0"/>
  <testcase name="containsBrowserName" classname="azkaban.utils.StringUtilsTest" time="0.003"/>
  <system-out><![CDATA[]]></system-out>
  <system-err><![CDATA[]]></system-err>
</testsuite>
