<?xml version="1.0" encoding="UTF-8"?>
<testsuite name="azkaban.project.ProjectTest" tests="1" skipped="0" failures="0" errors="0" timestamp="2017-06-07T20:31:22" hostname="mars" time="0.025">
  <properties/>
  <testcase name="testToAndFromObject" classname="azkaban.project.ProjectTest" time="0.025"/>
  <system-out><![CDATA[]]></system-out>
  <system-err><![CDATA[]]></system-err>
</testsuite>
