<?xml version="1.0" encoding="UTF-8"?>
<testsuite name="azkaban.trigger.JdbcTriggerImplTest" tests="3" skipped="0" failures="0" errors="0" timestamp="2017-06-07T20:31:48" hostname="mars" time="0.222">
  <properties/>
  <testcase name="testRemoveTriggers" classname="azkaban.trigger.JdbcTriggerImplTest" time="0.127"/>
  <testcase name="testUpdateTrigger" classname="azkaban.trigger.JdbcTriggerImplTest" time="0.052"/>
  <testcase name="testAddTrigger" classname="azkaban.trigger.JdbcTriggerImplTest" time="0.042"/>
  <system-out><![CDATA[2017/06/07 21:31:47.771 +0100 INFO [AzkabanDatabaseSetup] Searching for installed tables
30631 [Test worker] INFO azkaban.database.AzkabanDatabaseSetup  - Searching for installed tables
2017/06/07 21:31:47.848 +0100 INFO [AzkabanDatabaseSetup] Searching for table versions in the properties table
30708 [Test worker] INFO azkaban.database.AzkabanDatabaseSetup  - Searching for table versions in the properties table
2017/06/07 21:31:47.848 +0100 INFO [AzkabanDatabaseSetup] Properties table doesn't exist.
30708 [Test worker] INFO azkaban.database.AzkabanDatabaseSetup  - Properties table doesn't exist.
2017/06/07 21:31:47.866 +0100 INFO [AzkabanDatabaseSetup] Creating new table properties version 3.10.1
30726 [Test worker] INFO azkaban.database.AzkabanDatabaseSetup  - Creating new table properties version 3.10.1
2017/06/07 21:31:47.902 +0100 INFO [AzkabanDatabaseSetup] Creating new table execution_logs version 3.10.1
30762 [Test worker] INFO azkaban.database.AzkabanDatabaseSetup  - Creating new table execution_logs version 3.10.1
2017/06/07 21:31:47.926 +0100 INFO [AzkabanDatabaseSetup] Creating new table projects version 3.10.1
30786 [Test worker] INFO azkaban.database.AzkabanDatabaseSetup  - Creating new table projects version 3.10.1
2017/06/07 21:31:47.944 +0100 INFO [AzkabanDatabaseSetup] Creating new table project_files version 3.10.1
30804 [Test worker] INFO azkaban.database.AzkabanDatabaseSetup  - Creating new table project_files version 3.10.1
2017/06/07 21:31:47.955 +0100 INFO [AzkabanDatabaseSetup] Creating new table executor_events version 3.10.1
30815 [Test worker] INFO azkaban.database.AzkabanDatabaseSetup  - Creating new table executor_events version 3.10.1
2017/06/07 21:31:47.962 +0100 INFO [AzkabanDatabaseSetup] Creating new table execution_jobs version 3.10.1
30822 [Test worker] INFO azkaban.database.AzkabanDatabaseSetup  - Creating new table execution_jobs version 3.10.1
2017/06/07 21:31:47.970 +0100 INFO [AzkabanDatabaseSetup] Creating new table project_flows version 3.10.1
30830 [Test worker] INFO azkaban.database.AzkabanDatabaseSetup  - Creating new table project_flows version 3.10.1
2017/06/07 21:31:47.974 +0100 INFO [AzkabanDatabaseSetup] Creating new table triggers version 3.10.1
30834 [Test worker] INFO azkaban.database.AzkabanDatabaseSetup  - Creating new table triggers version 3.10.1
2017/06/07 21:31:47.977 +0100 INFO [AzkabanDatabaseSetup] Creating new table project_versions version 3.10.1
30837 [Test worker] INFO azkaban.database.AzkabanDatabaseSetup  - Creating new table project_versions version 3.10.1
2017/06/07 21:31:47.989 +0100 INFO [AzkabanDatabaseSetup] Creating new table project_events version 3.10.1
30849 [Test worker] INFO azkaban.database.AzkabanDatabaseSetup  - Creating new table project_events version 3.10.1
2017/06/07 21:31:47.993 +0100 INFO [AzkabanDatabaseSetup] Creating new table active_sla version 3.10.1
30853 [Test worker] INFO azkaban.database.AzkabanDatabaseSetup  - Creating new table active_sla version 3.10.1
2017/06/07 21:31:48.000 +0100 INFO [AzkabanDatabaseSetup] Creating new table active_executing_flows version 3.10.1
30860 [Test worker] INFO azkaban.database.AzkabanDatabaseSetup  - Creating new table active_executing_flows version 3.10.1
2017/06/07 21:31:48.007 +0100 INFO [AzkabanDatabaseSetup] Creating new table execution_flows version 3.10.1
30867 [Test worker] INFO azkaban.database.AzkabanDatabaseSetup  - Creating new table execution_flows version 3.10.1
2017/06/07 21:31:48.024 +0100 INFO [AzkabanDatabaseSetup] Creating new table executors version 3.10.1
30884 [Test worker] INFO azkaban.database.AzkabanDatabaseSetup  - Creating new table executors version 3.10.1
2017/06/07 21:31:48.033 +0100 INFO [AzkabanDatabaseSetup] Creating new table project_permissions version 3.10.1
30893 [Test worker] INFO azkaban.database.AzkabanDatabaseSetup  - Creating new table project_permissions version 3.10.1
2017/06/07 21:31:48.040 +0100 INFO [AzkabanDatabaseSetup] Creating new table project_properties version 3.10.1
30900 [Test worker] INFO azkaban.database.AzkabanDatabaseSetup  - Creating new table project_properties version 3.10.1
2017/06/07 21:31:48.059 +0100 INFO [CheckerTypeLoader] Registering checker BasicTimeChecker
30919 [Test worker] INFO azkaban.trigger.CheckerTypeLoader  - Registering checker BasicTimeChecker
2017/06/07 21:31:48.066 +0100 INFO [ActionTypeLoader] Registering action ExecuteFlowAction
30926 [Test worker] INFO azkaban.trigger.ActionTypeLoader  - Registering action ExecuteFlowAction
2017/06/07 21:31:48.075 +0100 INFO [JdbcTriggerImpl] Inserting trigger Trigger Id: -1, Description: Trigger from source1 with trigger condition of timeChecker1.eval() and expire condition of timeChecker1.eval(), Execute flow testFlow1 from project testProj1 into db.
30935 [Test worker] INFO azkaban.trigger.JdbcTriggerImpl  - Inserting trigger Trigger Id: -1, Description: Trigger from source1 with trigger condition of timeChecker1.eval() and expire condition of timeChecker1.eval(), Execute flow testFlow1 from project testProj1 into db.
2017/06/07 21:31:48.091 +0100 INFO [JdbcTriggerImpl] Updating trigger 1 into db.
30951 [Test worker] INFO azkaban.trigger.JdbcTriggerImpl  - Updating trigger 1 into db.
2017/06/07 21:31:48.111 +0100 INFO [JdbcTriggerImpl] uploaded trigger Trigger from source1 with trigger condition of timeChecker1.eval() and expire condition of timeChecker1.eval(), Execute flow testFlow1 from project testProj1
30971 [Test worker] INFO azkaban.trigger.JdbcTriggerImpl  - uploaded trigger Trigger from source1 with trigger condition of timeChecker1.eval() and expire condition of timeChecker1.eval(), Execute flow testFlow1 from project testProj1
2017/06/07 21:31:48.117 +0100 INFO [JdbcTriggerImpl] Inserting trigger Trigger Id: -1, Description: Trigger from source2 with trigger condition of timeChecker1.eval() and expire condition of timeChecker1.eval(), Execute flow testFlow2 from project testProj2 into db.
30977 [Test worker] INFO azkaban.trigger.JdbcTriggerImpl  - Inserting trigger Trigger Id: -1, Description: Trigger from source2 with trigger condition of timeChecker1.eval() and expire condition of timeChecker1.eval(), Execute flow testFlow2 from project testProj2 into db.
2017/06/07 21:31:48.119 +0100 INFO [JdbcTriggerImpl] Updating trigger 2 into db.
30979 [Test worker] INFO azkaban.trigger.JdbcTriggerImpl  - Updating trigger 2 into db.
2017/06/07 21:31:48.130 +0100 INFO [JdbcTriggerImpl] uploaded trigger Trigger from source2 with trigger condition of timeChecker1.eval() and expire condition of timeChecker1.eval(), Execute flow testFlow2 from project testProj2
30990 [Test worker] INFO azkaban.trigger.JdbcTriggerImpl  - uploaded trigger Trigger from source2 with trigger condition of timeChecker1.eval() and expire condition of timeChecker1.eval(), Execute flow testFlow2 from project testProj2
2017/06/07 21:31:48.133 +0100 INFO [JdbcTriggerImpl] Loading all triggers from db.
30993 [Test worker] INFO azkaban.trigger.JdbcTriggerImpl  - Loading all triggers from db.
2017/06/07 21:31:48.142 +0100 INFO [Trigger] Decoding for {"triggerCondition":{"nextCheckTime":"1496871108066","expression":"timeChecker1.eval()","checkers":[{"checkerJson":{"nextCheckTime":"1496871108066","cronExpression":null,"period":"1h","skipPastChecks":"true","timezone":"Europe/London","firstCheckTime":"1496867508066","isRecurring":"true","id":"timeChecker1","type":"BasicTimeChecker"},"type":"BasicTimeChecker"}]},"resetOnTrigger":"true","triggerId":"1","source":"source1","resetOnExpire":"true","expireActions":[],"submitTime":"1496867508074","submitUser":"azkaban","lastModifyTime":"1496867508091","context":{},"actions":[{"actionJson":{"submitUser":"azkaban","actionId":"executeAction","executionOptions":{"failureAction":"FINISH_CURRENTLY_RUNNING","memoryCheck":true,"queueLevel":0,"pipelineExecId":null,"concurrentOption":"ignore","notifyOnFirstFailure":true,"notifyOnLastFailure":false,"pipelineLevel":null,"successEmailsOverride":false,"failureEmails":[],"disabled":[],"flowParameters":{},"successEmails":[],"mailCreator":"default","failureEmailsOverride":false},"type":"ExecuteFlowAction","projectName":"testProj1","projectId":"1","flowName":"testFlow1"},"type":"ExecuteFlowAction"}],"expireCondition":{"nextCheckTime":"1496871108066","expression":"timeChecker1.eval()","checkers":[{"checkerJson":{"nextCheckTime":"1496871108066","cronExpression":null,"period":"1h","skipPastChecks":"true","timezone":"Europe/London","firstCheckTime":"1496867508066","isRecurring":"true","id":"timeChecker1","type":"BasicTimeChecker"},"type":"BasicTimeChecker"}]},"status":"READY","info":{}}
31002 [Test worker] INFO azkaban.trigger.Trigger  - Decoding for {"triggerCondition":{"nextCheckTime":"1496871108066","expression":"timeChecker1.eval()","checkers":[{"checkerJson":{"nextCheckTime":"1496871108066","cronExpression":null,"period":"1h","skipPastChecks":"true","timezone":"Europe/London","firstCheckTime":"1496867508066","isRecurring":"true","id":"timeChecker1","type":"BasicTimeChecker"},"type":"BasicTimeChecker"}]},"resetOnTrigger":"true","triggerId":"1","source":"source1","resetOnExpire":"true","expireActions":[],"submitTime":"1496867508074","submitUser":"azkaban","lastModifyTime":"1496867508091","context":{},"actions":[{"actionJson":{"submitUser":"azkaban","actionId":"executeAction","executionOptions":{"failureAction":"FINISH_CURRENTLY_RUNNING","memoryCheck":true,"queueLevel":0,"pipelineExecId":null,"concurrentOption":"ignore","notifyOnFirstFailure":true,"notifyOnLastFailure":false,"pipelineLevel":null,"successEmailsOverride":false,"failureEmails":[],"disabled":[],"flowParameters":{},"successEmails":[],"mailCreator":"default","failureEmailsOverride":false},"type":"ExecuteFlowAction","projectName":"testProj1","projectId":"1","flowName":"testFlow1"},"type":"ExecuteFlowAction"}],"expireCondition":{"nextCheckTime":"1496871108066","expression":"timeChecker1.eval()","checkers":[{"checkerJson":{"nextCheckTime":"1496871108066","cronExpression":null,"period":"1h","skipPastChecks":"true","timezone":"Europe/London","firstCheckTime":"1496867508066","isRecurring":"true","id":"timeChecker1","type":"BasicTimeChecker"},"type":"BasicTimeChecker"}]},"status":"READY","info":{}}
2017/06/07 21:31:48.165 +0100 INFO [Trigger] Decoding for {"triggerCondition":{"nextCheckTime":"1496871108074","expression":"timeChecker1.eval()","checkers":[{"checkerJson":{"nextCheckTime":"1496871108074","cronExpression":null,"period":"1h","skipPastChecks":"true","timezone":"Europe/London","firstCheckTime":"1496867508074","isRecurring":"true","id":"timeChecker1","type":"BasicTimeChecker"},"type":"BasicTimeChecker"}]},"resetOnTrigger":"true","triggerId":"2","source":"source2","resetOnExpire":"true","expireActions":[],"submitTime":"1496867508075","submitUser":"azkaban","lastModifyTime":"1496867508119","context":{},"actions":[{"actionJson":{"submitUser":"azkaban","actionId":"executeAction","executionOptions":{"failureAction":"FINISH_CURRENTLY_RUNNING","memoryCheck":true,"queueLevel":0,"pipelineExecId":null,"concurrentOption":"ignore","notifyOnFirstFailure":true,"notifyOnLastFailure":false,"pipelineLevel":null,"successEmailsOverride":false,"failureEmails":[],"disabled":[],"flowParameters":{},"successEmails":[],"mailCreator":"default","failureEmailsOverride":false},"type":"ExecuteFlowAction","projectName":"testProj2","projectId":"1","flowName":"testFlow2"},"type":"ExecuteFlowAction"}],"expireCondition":{"nextCheckTime":"1496871108074","expression":"timeChecker1.eval()","checkers":[{"checkerJson":{"nextCheckTime":"1496871108074","cronExpression":null,"period":"1h","skipPastChecks":"true","timezone":"Europe/London","firstCheckTime":"1496867508074","isRecurring":"true","id":"timeChecker1","type":"BasicTimeChecker"},"type":"BasicTimeChecker"}]},"status":"READY","info":{}}
31025 [Test worker] INFO azkaban.trigger.Trigger  - Decoding for {"triggerCondition":{"nextCheckTime":"1496871108074","expression":"timeChecker1.eval()","checkers":[{"checkerJson":{"nextCheckTime":"1496871108074","cronExpression":null,"period":"1h","skipPastChecks":"true","timezone":"Europe/London","firstCheckTime":"1496867508074","isRecurring":"true","id":"timeChecker1","type":"BasicTimeChecker"},"type":"BasicTimeChecker"}]},"resetOnTrigger":"true","triggerId":"2","source":"source2","resetOnExpire":"true","expireActions":[],"submitTime":"1496867508075","submitUser":"azkaban","lastModifyTime":"1496867508119","context":{},"actions":[{"actionJson":{"submitUser":"azkaban","actionId":"executeAction","executionOptions":{"failureAction":"FINISH_CURRENTLY_RUNNING","memoryCheck":true,"queueLevel":0,"pipelineExecId":null,"concurrentOption":"ignore","notifyOnFirstFailure":true,"notifyOnLastFailure":false,"pipelineLevel":null,"successEmailsOverride":false,"failureEmails":[],"disabled":[],"flowParameters":{},"successEmails":[],"mailCreator":"default","failureEmailsOverride":false},"type":"ExecuteFlowAction","projectName":"testProj2","projectId":"1","flowName":"testFlow2"},"type":"ExecuteFlowAction"}],"expireCondition":{"nextCheckTime":"1496871108074","expression":"timeChecker1.eval()","checkers":[{"checkerJson":{"nextCheckTime":"1496871108074","cronExpression":null,"period":"1h","skipPastChecks":"true","timezone":"Europe/London","firstCheckTime":"1496867508074","isRecurring":"true","id":"timeChecker1","type":"BasicTimeChecker"},"type":"BasicTimeChecker"}]},"status":"READY","info":{}}
2017/06/07 21:31:48.169 +0100 INFO [JdbcTriggerImpl] Loaded 2 triggers.
31029 [Test worker] INFO azkaban.trigger.JdbcTriggerImpl  - Loaded 2 triggers.
2017/06/07 21:31:48.172 +0100 INFO [JdbcTriggerImpl] Removing trigger Trigger Id: 2, Description: Trigger from source2 with trigger condition of timeChecker1.eval() and expire condition of timeChecker1.eval(), Execute flow testFlow2 from project testProj2 from db.
31032 [Test worker] INFO azkaban.trigger.JdbcTriggerImpl  - Removing trigger Trigger Id: 2, Description: Trigger from source2 with trigger condition of timeChecker1.eval() and expire condition of timeChecker1.eval(), Execute flow testFlow2 from project testProj2 from db.
2017/06/07 21:31:48.174 +0100 INFO [JdbcTriggerImpl] Loading all triggers from db.
31034 [Test worker] INFO azkaban.trigger.JdbcTriggerImpl  - Loading all triggers from db.
2017/06/07 21:31:48.190 +0100 INFO [Trigger] Decoding for {"triggerCondition":{"nextCheckTime":"1496871108066","expression":"timeChecker1.eval()","checkers":[{"checkerJson":{"nextCheckTime":"1496871108066","cronExpression":null,"period":"1h","skipPastChecks":"true","timezone":"Europe/London","firstCheckTime":"1496867508066","isRecurring":"true","id":"timeChecker1","type":"BasicTimeChecker"},"type":"BasicTimeChecker"}]},"resetOnTrigger":"true","triggerId":"1","source":"source1","resetOnExpire":"true","expireActions":[],"submitTime":"1496867508074","submitUser":"azkaban","lastModifyTime":"1496867508091","context":{},"actions":[{"actionJson":{"submitUser":"azkaban","actionId":"executeAction","executionOptions":{"failureAction":"FINISH_CURRENTLY_RUNNING","memoryCheck":true,"queueLevel":0,"pipelineExecId":null,"concurrentOption":"ignore","notifyOnFirstFailure":true,"notifyOnLastFailure":false,"pipelineLevel":null,"successEmailsOverride":false,"failureEmails":[],"disabled":[],"flowParameters":{},"successEmails":[],"mailCreator":"default","failureEmailsOverride":false},"type":"ExecuteFlowAction","projectName":"testProj1","projectId":"1","flowName":"testFlow1"},"type":"ExecuteFlowAction"}],"expireCondition":{"nextCheckTime":"1496871108066","expression":"timeChecker1.eval()","checkers":[{"checkerJson":{"nextCheckTime":"1496871108066","cronExpression":null,"period":"1h","skipPastChecks":"true","timezone":"Europe/London","firstCheckTime":"1496867508066","isRecurring":"true","id":"timeChecker1","type":"BasicTimeChecker"},"type":"BasicTimeChecker"}]},"status":"READY","info":{}}
31050 [Test worker] INFO azkaban.trigger.Trigger  - Decoding for {"triggerCondition":{"nextCheckTime":"1496871108066","expression":"timeChecker1.eval()","checkers":[{"checkerJson":{"nextCheckTime":"1496871108066","cronExpression":null,"period":"1h","skipPastChecks":"true","timezone":"Europe/London","firstCheckTime":"1496867508066","isRecurring":"true","id":"timeChecker1","type":"BasicTimeChecker"},"type":"BasicTimeChecker"}]},"resetOnTrigger":"true","triggerId":"1","source":"source1","resetOnExpire":"true","expireActions":[],"submitTime":"1496867508074","submitUser":"azkaban","lastModifyTime":"1496867508091","context":{},"actions":[{"actionJson":{"submitUser":"azkaban","actionId":"executeAction","executionOptions":{"failureAction":"FINISH_CURRENTLY_RUNNING","memoryCheck":true,"queueLevel":0,"pipelineExecId":null,"concurrentOption":"ignore","notifyOnFirstFailure":true,"notifyOnLastFailure":false,"pipelineLevel":null,"successEmailsOverride":false,"failureEmails":[],"disabled":[],"flowParameters":{},"successEmails":[],"mailCreator":"default","failureEmailsOverride":false},"type":"ExecuteFlowAction","projectName":"testProj1","projectId":"1","flowName":"testFlow1"},"type":"ExecuteFlowAction"}],"expireCondition":{"nextCheckTime":"1496871108066","expression":"timeChecker1.eval()","checkers":[{"checkerJson":{"nextCheckTime":"1496871108066","cronExpression":null,"period":"1h","skipPastChecks":"true","timezone":"Europe/London","firstCheckTime":"1496867508066","isRecurring":"true","id":"timeChecker1","type":"BasicTimeChecker"},"type":"BasicTimeChecker"}]},"status":"READY","info":{}}
2017/06/07 21:31:48.192 +0100 INFO [JdbcTriggerImpl] Loaded 1 triggers.
31052 [Test worker] INFO azkaban.trigger.JdbcTriggerImpl  - Loaded 1 triggers.
2017/06/07 21:31:48.195 +0100 INFO [JdbcTriggerImpl] Inserting trigger Trigger Id: -1, Description: Trigger from source1 with trigger condition of timeChecker1.eval() and expire condition of timeChecker1.eval(), Execute flow testFlow1 from project testProj1 into db.
31055 [Test worker] INFO azkaban.trigger.JdbcTriggerImpl  - Inserting trigger Trigger Id: -1, Description: Trigger from source1 with trigger condition of timeChecker1.eval() and expire condition of timeChecker1.eval(), Execute flow testFlow1 from project testProj1 into db.
2017/06/07 21:31:48.198 +0100 INFO [JdbcTriggerImpl] Updating trigger 3 into db.
31058 [Test worker] INFO azkaban.trigger.JdbcTriggerImpl  - Updating trigger 3 into db.
2017/06/07 21:31:48.209 +0100 INFO [JdbcTriggerImpl] uploaded trigger Trigger from source1 with trigger condition of timeChecker1.eval() and expire condition of timeChecker1.eval(), Execute flow testFlow1 from project testProj1
31069 [Test worker] INFO azkaban.trigger.JdbcTriggerImpl  - uploaded trigger Trigger from source1 with trigger condition of timeChecker1.eval() and expire condition of timeChecker1.eval(), Execute flow testFlow1 from project testProj1
2017/06/07 21:31:48.209 +0100 INFO [JdbcTriggerImpl] Loading all triggers from db.
31069 [Test worker] INFO azkaban.trigger.JdbcTriggerImpl  - Loading all triggers from db.
2017/06/07 21:31:48.225 +0100 INFO [Trigger] Decoding for {"triggerCondition":{"nextCheckTime":"1496871108194","expression":"timeChecker1.eval()","checkers":[{"checkerJson":{"nextCheckTime":"1496871108194","cronExpression":null,"period":"1h","skipPastChecks":"true","timezone":"Europe/London","firstCheckTime":"1496867508194","isRecurring":"true","id":"timeChecker1","type":"BasicTimeChecker"},"type":"BasicTimeChecker"}]},"resetOnTrigger":"true","triggerId":"3","source":"source1","resetOnExpire":"true","expireActions":[],"submitTime":"1496867508195","submitUser":"azkaban","lastModifyTime":"1496867508198","context":{},"actions":[{"actionJson":{"submitUser":"azkaban","actionId":"executeAction","executionOptions":{"failureAction":"FINISH_CURRENTLY_RUNNING","memoryCheck":true,"queueLevel":0,"pipelineExecId":null,"concurrentOption":"ignore","notifyOnFirstFailure":true,"notifyOnLastFailure":false,"pipelineLevel":null,"successEmailsOverride":false,"failureEmails":[],"disabled":[],"flowParameters":{},"successEmails":[],"mailCreator":"default","failureEmailsOverride":false},"type":"ExecuteFlowAction","projectName":"testProj1","projectId":"1","flowName":"testFlow1"},"type":"ExecuteFlowAction"}],"expireCondition":{"nextCheckTime":"1496871108194","expression":"timeChecker1.eval()","checkers":[{"checkerJson":{"nextCheckTime":"1496871108194","cronExpression":null,"period":"1h","skipPastChecks":"true","timezone":"Europe/London","firstCheckTime":"1496867508194","isRecurring":"true","id":"timeChecker1","type":"BasicTimeChecker"},"type":"BasicTimeChecker"}]},"status":"READY","info":{}}
31085 [Test worker] INFO azkaban.trigger.Trigger  - Decoding for {"triggerCondition":{"nextCheckTime":"1496871108194","expression":"timeChecker1.eval()","checkers":[{"checkerJson":{"nextCheckTime":"1496871108194","cronExpression":null,"period":"1h","skipPastChecks":"true","timezone":"Europe/London","firstCheckTime":"1496867508194","isRecurring":"true","id":"timeChecker1","type":"BasicTimeChecker"},"type":"BasicTimeChecker"}]},"resetOnTrigger":"true","triggerId":"3","source":"source1","resetOnExpire":"true","expireActions":[],"submitTime":"1496867508195","submitUser":"azkaban","lastModifyTime":"1496867508198","context":{},"actions":[{"actionJson":{"submitUser":"azkaban","actionId":"executeAction","executionOptions":{"failureAction":"FINISH_CURRENTLY_RUNNING","memoryCheck":true,"queueLevel":0,"pipelineExecId":null,"concurrentOption":"ignore","notifyOnFirstFailure":true,"notifyOnLastFailure":false,"pipelineLevel":null,"successEmailsOverride":false,"failureEmails":[],"disabled":[],"flowParameters":{},"successEmails":[],"mailCreator":"default","failureEmailsOverride":false},"type":"ExecuteFlowAction","projectName":"testProj1","projectId":"1","flowName":"testFlow1"},"type":"ExecuteFlowAction"}],"expireCondition":{"nextCheckTime":"1496871108194","expression":"timeChecker1.eval()","checkers":[{"checkerJson":{"nextCheckTime":"1496871108194","cronExpression":null,"period":"1h","skipPastChecks":"true","timezone":"Europe/London","firstCheckTime":"1496867508194","isRecurring":"true","id":"timeChecker1","type":"BasicTimeChecker"},"type":"BasicTimeChecker"}]},"status":"READY","info":{}}
2017/06/07 21:31:48.226 +0100 INFO [JdbcTriggerImpl] Loaded 1 triggers.
31086 [Test worker] INFO azkaban.trigger.JdbcTriggerImpl  - Loaded 1 triggers.
2017/06/07 21:31:48.226 +0100 INFO [JdbcTriggerImpl] Updating trigger 3 into db.
31086 [Test worker] INFO azkaban.trigger.JdbcTriggerImpl  - Updating trigger 3 into db.
2017/06/07 21:31:48.233 +0100 INFO [JdbcTriggerImpl] Loading all triggers from db.
31093 [Test worker] INFO azkaban.trigger.JdbcTriggerImpl  - Loading all triggers from db.
2017/06/07 21:31:48.243 +0100 INFO [Trigger] Decoding for {"triggerCondition":{"nextCheckTime":"1496871108194","expression":"timeChecker1.eval()","checkers":[{"checkerJson":{"nextCheckTime":"1496871108194","cronExpression":null,"period":"1h","skipPastChecks":"true","timezone":"Europe/London","firstCheckTime":"1496867508194","isRecurring":"true","id":"timeChecker1","type":"BasicTimeChecker"},"type":"BasicTimeChecker"}]},"resetOnTrigger":"true","triggerId":"3","source":"source1","resetOnExpire":"false","expireActions":[],"submitTime":"1496867508195","submitUser":"azkaban","lastModifyTime":"1496867508227","context":{},"actions":[{"actionJson":{"submitUser":"azkaban","actionId":"executeAction","executionOptions":{"failureAction":"FINISH_CURRENTLY_RUNNING","memoryCheck":true,"queueLevel":0,"pipelineExecId":null,"concurrentOption":"ignore","notifyOnFirstFailure":true,"notifyOnLastFailure":false,"pipelineLevel":null,"successEmailsOverride":false,"failureEmails":[],"disabled":[],"flowParameters":{},"successEmails":[],"mailCreator":"default","failureEmailsOverride":false},"type":"ExecuteFlowAction","projectName":"testProj1","projectId":"1","flowName":"testFlow1"},"type":"ExecuteFlowAction"}],"expireCondition":{"nextCheckTime":"1496871108194","expression":"timeChecker1.eval()","checkers":[{"checkerJson":{"nextCheckTime":"1496871108194","cronExpression":null,"period":"1h","skipPastChecks":"true","timezone":"Europe/London","firstCheckTime":"1496867508194","isRecurring":"true","id":"timeChecker1","type":"BasicTimeChecker"},"type":"BasicTimeChecker"}]},"status":"READY","info":{}}
31103 [Test worker] INFO azkaban.trigger.Trigger  - Decoding for {"triggerCondition":{"nextCheckTime":"1496871108194","expression":"timeChecker1.eval()","checkers":[{"checkerJson":{"nextCheckTime":"1496871108194","cronExpression":null,"period":"1h","skipPastChecks":"true","timezone":"Europe/London","firstCheckTime":"1496867508194","isRecurring":"true","id":"timeChecker1","type":"BasicTimeChecker"},"type":"BasicTimeChecker"}]},"resetOnTrigger":"true","triggerId":"3","source":"source1","resetOnExpire":"false","expireActions":[],"submitTime":"1496867508195","submitUser":"azkaban","lastModifyTime":"1496867508227","context":{},"actions":[{"actionJson":{"submitUser":"azkaban","actionId":"executeAction","executionOptions":{"failureAction":"FINISH_CURRENTLY_RUNNING","memoryCheck":true,"queueLevel":0,"pipelineExecId":null,"concurrentOption":"ignore","notifyOnFirstFailure":true,"notifyOnLastFailure":false,"pipelineLevel":null,"successEmailsOverride":false,"failureEmails":[],"disabled":[],"flowParameters":{},"successEmails":[],"mailCreator":"default","failureEmailsOverride":false},"type":"ExecuteFlowAction","projectName":"testProj1","projectId":"1","flowName":"testFlow1"},"type":"ExecuteFlowAction"}],"expireCondition":{"nextCheckTime":"1496871108194","expression":"timeChecker1.eval()","checkers":[{"checkerJson":{"nextCheckTime":"1496871108194","cronExpression":null,"period":"1h","skipPastChecks":"true","timezone":"Europe/London","firstCheckTime":"1496867508194","isRecurring":"true","id":"timeChecker1","type":"BasicTimeChecker"},"type":"BasicTimeChecker"}]},"status":"READY","info":{}}
2017/06/07 21:31:48.244 +0100 INFO [JdbcTriggerImpl] Loaded 1 triggers.
31104 [Test worker] INFO azkaban.trigger.JdbcTriggerImpl  - Loaded 1 triggers.
2017/06/07 21:31:48.248 +0100 INFO [JdbcTriggerImpl] Inserting trigger Trigger Id: -1, Description: Trigger from source1 with trigger condition of timeChecker1.eval() and expire condition of timeChecker1.eval(), Execute flow testFlow1 from project testProj1 into db.
31108 [Test worker] INFO azkaban.trigger.JdbcTriggerImpl  - Inserting trigger Trigger Id: -1, Description: Trigger from source1 with trigger condition of timeChecker1.eval() and expire condition of timeChecker1.eval(), Execute flow testFlow1 from project testProj1 into db.
2017/06/07 21:31:48.250 +0100 INFO [JdbcTriggerImpl] Updating trigger 4 into db.
31110 [Test worker] INFO azkaban.trigger.JdbcTriggerImpl  - Updating trigger 4 into db.
2017/06/07 21:31:48.261 +0100 INFO [JdbcTriggerImpl] uploaded trigger Trigger from source1 with trigger condition of timeChecker1.eval() and expire condition of timeChecker1.eval(), Execute flow testFlow1 from project testProj1
31121 [Test worker] INFO azkaban.trigger.JdbcTriggerImpl  - uploaded trigger Trigger from source1 with trigger condition of timeChecker1.eval() and expire condition of timeChecker1.eval(), Execute flow testFlow1 from project testProj1
2017/06/07 21:31:48.262 +0100 INFO [JdbcTriggerImpl] Loading all triggers from db.
31122 [Test worker] INFO azkaban.trigger.JdbcTriggerImpl  - Loading all triggers from db.
2017/06/07 21:31:48.267 +0100 INFO [Trigger] Decoding for {"triggerCondition":{"nextCheckTime":"1496871108246","expression":"timeChecker1.eval()","checkers":[{"checkerJson":{"nextCheckTime":"1496871108246","cronExpression":null,"period":"1h","skipPastChecks":"true","timezone":"Europe/London","firstCheckTime":"1496867508246","isRecurring":"true","id":"timeChecker1","type":"BasicTimeChecker"},"type":"BasicTimeChecker"}]},"resetOnTrigger":"true","triggerId":"4","source":"source1","resetOnExpire":"true","expireActions":[],"submitTime":"1496867508247","submitUser":"azkaban","lastModifyTime":"1496867508250","context":{},"actions":[{"actionJson":{"submitUser":"azkaban","actionId":"executeAction","executionOptions":{"failureAction":"FINISH_CURRENTLY_RUNNING","memoryCheck":true,"queueLevel":0,"pipelineExecId":null,"concurrentOption":"ignore","notifyOnFirstFailure":true,"notifyOnLastFailure":false,"pipelineLevel":null,"successEmailsOverride":false,"failureEmails":[],"disabled":[],"flowParameters":{},"successEmails":[],"mailCreator":"default","failureEmailsOverride":false},"type":"ExecuteFlowAction","projectName":"testProj1","projectId":"1","flowName":"testFlow1"},"type":"ExecuteFlowAction"}],"expireCondition":{"nextCheckTime":"1496871108246","expression":"timeChecker1.eval()","checkers":[{"checkerJson":{"nextCheckTime":"1496871108246","cronExpression":null,"period":"1h","skipPastChecks":"true","timezone":"Europe/London","firstCheckTime":"1496867508246","isRecurring":"true","id":"timeChecker1","type":"BasicTimeChecker"},"type":"BasicTimeChecker"}]},"status":"READY","info":{}}
31127 [Test worker] INFO azkaban.trigger.Trigger  - Decoding for {"triggerCondition":{"nextCheckTime":"1496871108246","expression":"timeChecker1.eval()","checkers":[{"checkerJson":{"nextCheckTime":"1496871108246","cronExpression":null,"period":"1h","skipPastChecks":"true","timezone":"Europe/London","firstCheckTime":"1496867508246","isRecurring":"true","id":"timeChecker1","type":"BasicTimeChecker"},"type":"BasicTimeChecker"}]},"resetOnTrigger":"true","triggerId":"4","source":"source1","resetOnExpire":"true","expireActions":[],"submitTime":"1496867508247","submitUser":"azkaban","lastModifyTime":"1496867508250","context":{},"actions":[{"actionJson":{"submitUser":"azkaban","actionId":"executeAction","executionOptions":{"failureAction":"FINISH_CURRENTLY_RUNNING","memoryCheck":true,"queueLevel":0,"pipelineExecId":null,"concurrentOption":"ignore","notifyOnFirstFailure":true,"notifyOnLastFailure":false,"pipelineLevel":null,"successEmailsOverride":false,"failureEmails":[],"disabled":[],"flowParameters":{},"successEmails":[],"mailCreator":"default","failureEmailsOverride":false},"type":"ExecuteFlowAction","projectName":"testProj1","projectId":"1","flowName":"testFlow1"},"type":"ExecuteFlowAction"}],"expireCondition":{"nextCheckTime":"1496871108246","expression":"timeChecker1.eval()","checkers":[{"checkerJson":{"nextCheckTime":"1496871108246","cronExpression":null,"period":"1h","skipPastChecks":"true","timezone":"Europe/London","firstCheckTime":"1496867508246","isRecurring":"true","id":"timeChecker1","type":"BasicTimeChecker"},"type":"BasicTimeChecker"}]},"status":"READY","info":{}}
2017/06/07 21:31:48.268 +0100 INFO [JdbcTriggerImpl] Loaded 1 triggers.
31128 [Test worker] INFO azkaban.trigger.JdbcTriggerImpl  - Loaded 1 triggers.
2017/06/07 21:31:48.269 +0100 INFO [JdbcTriggerImpl] Inserting trigger Trigger Id: -1, Description: Trigger from source2 with trigger condition of timeChecker1.eval() and expire condition of timeChecker1.eval(), Execute flow testFlow2 from project testProj2 into db.
31129 [Test worker] INFO azkaban.trigger.JdbcTriggerImpl  - Inserting trigger Trigger Id: -1, Description: Trigger from source2 with trigger condition of timeChecker1.eval() and expire condition of timeChecker1.eval(), Execute flow testFlow2 from project testProj2 into db.
2017/06/07 21:31:48.270 +0100 INFO [JdbcTriggerImpl] Updating trigger 5 into db.
31130 [Test worker] INFO azkaban.trigger.JdbcTriggerImpl  - Updating trigger 5 into db.
2017/06/07 21:31:48.275 +0100 INFO [JdbcTriggerImpl] uploaded trigger Trigger from source2 with trigger condition of timeChecker1.eval() and expire condition of timeChecker1.eval(), Execute flow testFlow2 from project testProj2
31135 [Test worker] INFO azkaban.trigger.JdbcTriggerImpl  - uploaded trigger Trigger from source2 with trigger condition of timeChecker1.eval() and expire condition of timeChecker1.eval(), Execute flow testFlow2 from project testProj2
2017/06/07 21:31:48.275 +0100 INFO [JdbcTriggerImpl] Loading all triggers from db.
31135 [Test worker] INFO azkaban.trigger.JdbcTriggerImpl  - Loading all triggers from db.
2017/06/07 21:31:48.280 +0100 INFO [Trigger] Decoding for {"triggerCondition":{"nextCheckTime":"1496871108246","expression":"timeChecker1.eval()","checkers":[{"checkerJson":{"nextCheckTime":"1496871108246","cronExpression":null,"period":"1h","skipPastChecks":"true","timezone":"Europe/London","firstCheckTime":"1496867508246","isRecurring":"true","id":"timeChecker1","type":"BasicTimeChecker"},"type":"BasicTimeChecker"}]},"resetOnTrigger":"true","triggerId":"4","source":"source1","resetOnExpire":"true","expireActions":[],"submitTime":"1496867508247","submitUser":"azkaban","lastModifyTime":"1496867508250","context":{},"actions":[{"actionJson":{"submitUser":"azkaban","actionId":"executeAction","executionOptions":{"failureAction":"FINISH_CURRENTLY_RUNNING","memoryCheck":true,"queueLevel":0,"pipelineExecId":null,"concurrentOption":"ignore","notifyOnFirstFailure":true,"notifyOnLastFailure":false,"pipelineLevel":null,"successEmailsOverride":false,"failureEmails":[],"disabled":[],"flowParameters":{},"successEmails":[],"mailCreator":"default","failureEmailsOverride":false},"type":"ExecuteFlowAction","projectName":"testProj1","projectId":"1","flowName":"testFlow1"},"type":"ExecuteFlowAction"}],"expireCondition":{"nextCheckTime":"1496871108246","expression":"timeChecker1.eval()","checkers":[{"checkerJson":{"nextCheckTime":"1496871108246","cronExpression":null,"period":"1h","skipPastChecks":"true","timezone":"Europe/London","firstCheckTime":"1496867508246","isRecurring":"true","id":"timeChecker1","type":"BasicTimeChecker"},"type":"BasicTimeChecker"}]},"status":"READY","info":{}}
31140 [Test worker] INFO azkaban.trigger.Trigger  - Decoding for {"triggerCondition":{"nextCheckTime":"1496871108246","expression":"timeChecker1.eval()","checkers":[{"checkerJson":{"nextCheckTime":"1496871108246","cronExpression":null,"period":"1h","skipPastChecks":"true","timezone":"Europe/London","firstCheckTime":"1496867508246","isRecurring":"true","id":"timeChecker1","type":"BasicTimeChecker"},"type":"BasicTimeChecker"}]},"resetOnTrigger":"true","triggerId":"4","source":"source1","resetOnExpire":"true","expireActions":[],"submitTime":"1496867508247","submitUser":"azkaban","lastModifyTime":"1496867508250","context":{},"actions":[{"actionJson":{"submitUser":"azkaban","actionId":"executeAction","executionOptions":{"failureAction":"FINISH_CURRENTLY_RUNNING","memoryCheck":true,"queueLevel":0,"pipelineExecId":null,"concurrentOption":"ignore","notifyOnFirstFailure":true,"notifyOnLastFailure":false,"pipelineLevel":null,"successEmailsOverride":false,"failureEmails":[],"disabled":[],"flowParameters":{},"successEmails":[],"mailCreator":"default","failureEmailsOverride":false},"type":"ExecuteFlowAction","projectName":"testProj1","projectId":"1","flowName":"testFlow1"},"type":"ExecuteFlowAction"}],"expireCondition":{"nextCheckTime":"1496871108246","expression":"timeChecker1.eval()","checkers":[{"checkerJson":{"nextCheckTime":"1496871108246","cronExpression":null,"period":"1h","skipPastChecks":"true","timezone":"Europe/London","firstCheckTime":"1496867508246","isRecurring":"true","id":"timeChecker1","type":"BasicTimeChecker"},"type":"BasicTimeChecker"}]},"status":"READY","info":{}}
2017/06/07 21:31:48.284 +0100 INFO [Trigger] Decoding for {"triggerCondition":{"nextCheckTime":"1496871108247","expression":"timeChecker1.eval()","checkers":[{"checkerJson":{"nextCheckTime":"1496871108247","cronExpression":null,"period":"1h","skipPastChecks":"true","timezone":"Europe/London","firstCheckTime":"1496867508247","isRecurring":"true","id":"timeChecker1","type":"BasicTimeChecker"},"type":"BasicTimeChecker"}]},"resetOnTrigger":"true","triggerId":"5","source":"source2","resetOnExpire":"true","expireActions":[],"submitTime":"1496867508248","submitUser":"azkaban","lastModifyTime":"1496867508270","context":{},"actions":[{"actionJson":{"submitUser":"azkaban","actionId":"executeAction","executionOptions":{"failureAction":"FINISH_CURRENTLY_RUNNING","memoryCheck":true,"queueLevel":0,"pipelineExecId":null,"concurrentOption":"ignore","notifyOnFirstFailure":true,"notifyOnLastFailure":false,"pipelineLevel":null,"successEmailsOverride":false,"failureEmails":[],"disabled":[],"flowParameters":{},"successEmails":[],"mailCreator":"default","failureEmailsOverride":false},"type":"ExecuteFlowAction","projectName":"testProj2","projectId":"1","flowName":"testFlow2"},"type":"ExecuteFlowAction"}],"expireCondition":{"nextCheckTime":"1496871108247","expression":"timeChecker1.eval()","checkers":[{"checkerJson":{"nextCheckTime":"1496871108247","cronExpression":null,"period":"1h","skipPastChecks":"true","timezone":"Europe/London","firstCheckTime":"1496867508247","isRecurring":"true","id":"timeChecker1","type":"BasicTimeChecker"},"type":"BasicTimeChecker"}]},"status":"READY","info":{}}
31144 [Test worker] INFO azkaban.trigger.Trigger  - Decoding for {"triggerCondition":{"nextCheckTime":"1496871108247","expression":"timeChecker1.eval()","checkers":[{"checkerJson":{"nextCheckTime":"1496871108247","cronExpression":null,"period":"1h","skipPastChecks":"true","timezone":"Europe/London","firstCheckTime":"1496867508247","isRecurring":"true","id":"timeChecker1","type":"BasicTimeChecker"},"type":"BasicTimeChecker"}]},"resetOnTrigger":"true","triggerId":"5","source":"source2","resetOnExpire":"true","expireActions":[],"submitTime":"1496867508248","submitUser":"azkaban","lastModifyTime":"1496867508270","context":{},"actions":[{"actionJson":{"submitUser":"azkaban","actionId":"executeAction","executionOptions":{"failureAction":"FINISH_CURRENTLY_RUNNING","memoryCheck":true,"queueLevel":0,"pipelineExecId":null,"concurrentOption":"ignore","notifyOnFirstFailure":true,"notifyOnLastFailure":false,"pipelineLevel":null,"successEmailsOverride":false,"failureEmails":[],"disabled":[],"flowParameters":{},"successEmails":[],"mailCreator":"default","failureEmailsOverride":false},"type":"ExecuteFlowAction","projectName":"testProj2","projectId":"1","flowName":"testFlow2"},"type":"ExecuteFlowAction"}],"expireCondition":{"nextCheckTime":"1496871108247","expression":"timeChecker1.eval()","checkers":[{"checkerJson":{"nextCheckTime":"1496871108247","cronExpression":null,"period":"1h","skipPastChecks":"true","timezone":"Europe/London","firstCheckTime":"1496867508247","isRecurring":"true","id":"timeChecker1","type":"BasicTimeChecker"},"type":"BasicTimeChecker"}]},"status":"READY","info":{}}
2017/06/07 21:31:48.287 +0100 INFO [JdbcTriggerImpl] Loaded 2 triggers.
31147 [Test worker] INFO azkaban.trigger.JdbcTriggerImpl  - Loaded 2 triggers.
]]></system-out>
  <system-err><![CDATA[]]></system-err>
</testsuite>
