<?xml version="1.0" encoding="UTF-8"?>
<testsuite name="azkaban.project.ProjectSpecTest" tests="1" skipped="0" failures="0" errors="0" timestamp="2017-06-07T20:31:22" hostname="mars" time="0.108">
  <properties/>
  <testcase name="testSpecLoad" classname="azkaban.project.ProjectSpecTest" time="0.108"/>
  <system-out><![CDATA[]]></system-out>
  <system-err><![CDATA[]]></system-err>
</testsuite>
