<?xml version="1.0" encoding="UTF-8"?>
<testsuite name="azkaban.trigger.TriggerManagerDeadlockTest" tests="1" skipped="1" failures="0" errors="0" timestamp="2017-06-07T20:31:27" hostname="mars" time="0.001">
  <properties/>
  <testcase name="deadlockTest" classname="azkaban.trigger.TriggerManagerDeadlockTest" time="0.001">
    <skipped/>
  </testcase>
  <system-out><![CDATA[]]></system-out>
  <system-err><![CDATA[]]></system-err>
</testsuite>
