<?xml version="1.0" encoding="UTF-8"?>
<testsuite name="azkaban.utils.UtilsTest" tests="6" skipped="0" failures="0" errors="0" timestamp="2017-06-07T20:31:22" hostname="mars" time="0.035">
  <properties/>
  <testcase name="testValidCronExpressionV" classname="azkaban.utils.UtilsTest" time="0.03"/>
  <testcase name="testValidPort" classname="azkaban.utils.UtilsTest" time="0.0"/>
  <testcase name="testOverflowPort" classname="azkaban.utils.UtilsTest" time="0.0"/>
  <testcase name="testZeroPort" classname="azkaban.utils.UtilsTest" time="0.0"/>
  <testcase name="testNegativePort" classname="azkaban.utils.UtilsTest" time="0.0"/>
  <testcase name="testInvalidCronExpression" classname="azkaban.utils.UtilsTest" time="0.001"/>
  <system-out><![CDATA[]]></system-out>
  <system-err><![CDATA[]]></system-err>
</testsuite>
