<?xml version="1.0" encoding="UTF-8"?>
<testsuite name="azkaban.executor.ExecutableFlowPriorityComparatorTest" tests="4" skipped="0" failures="0" errors="0" timestamp="2017-06-07T20:31:21" hostname="mars" time="0.084">
  <properties/>
  <testcase name="testMixedSpecifiedPriorities" classname="azkaban.executor.ExecutableFlowPriorityComparatorTest" time="0.012"/>
  <testcase name="testEqualPriorities" classname="azkaban.executor.ExecutableFlowPriorityComparatorTest" time="0.015"/>
  <testcase name="testEqualUpdateTimeAndPriority" classname="azkaban.executor.ExecutableFlowPriorityComparatorTest" time="0.006"/>
  <testcase name="testExplicitlySpecifiedPriorities" classname="azkaban.executor.ExecutableFlowPriorityComparatorTest" time="0.045"/>
  <system-out><![CDATA[]]></system-out>
  <system-err><![CDATA[]]></system-err>
</testsuite>
