<?xml version="1.0" encoding="UTF-8"?>
<testsuite name="azkaban.metrics.CommonMetricsTest" tests="2" skipped="0" failures="0" errors="0" timestamp="2017-06-07T20:31:22" hostname="mars" time="0.091">
  <properties/>
  <testcase name="testOOMWaitingJobMetrics" classname="azkaban.metrics.CommonMetricsTest" time="0.091"/>
  <testcase name="testDBConnectionTimeMetrics" classname="azkaban.metrics.CommonMetricsTest" time="0.0"/>
  <system-out><![CDATA[]]></system-out>
  <system-err><![CDATA[]]></system-err>
</testsuite>
