<?xml version="1.0" encoding="UTF-8"?>
<testsuite name="azkaban.utils.JsonUtilsTest" tests="2" skipped="0" failures="0" errors="0" timestamp="2017-06-07T20:31:22" hostname="mars" time="0.014">
  <properties/>
  <testcase name="writePropsNoJarDependencyTest1" classname="azkaban.utils.JsonUtilsTest" time="0.012"/>
  <testcase name="writePropsNoJarDependencyTest2" classname="azkaban.utils.JsonUtilsTest" time="0.001"/>
  <system-out><![CDATA[{
	"normalKey":"Other key",
	"\"myTest\n\b":"myValue\t\\"
}
{
	"\"myTest\n\b":"myValue\t\\"
}
]]></system-out>
  <system-err><![CDATA[]]></system-err>
</testsuite>
