<?xml version="1.0" encoding="UTF-8"?>
<testsuite name="azkaban.storage.DatabaseStorageTest" tests="1" skipped="0" failures="0" errors="0" timestamp="2017-06-07T20:31:22" hostname="mars" time="0.029">
  <properties/>
  <testcase name="testPut" classname="azkaban.storage.DatabaseStorageTest" time="0.029"/>
  <system-out><![CDATA[]]></system-out>
  <system-err><![CDATA[]]></system-err>
</testsuite>
