<?xml version="1.0" encoding="UTF-8"?>
<testsuite name="azkaban.utils.EmailerTest" tests="2" skipped="1" failures="0" errors="0" timestamp="2017-06-07T20:31:22" hostname="mars" time="0.01">
  <properties/>
  <testcase name="testSendEmail" classname="azkaban.utils.EmailerTest" time="0.0">
    <skipped/>
  </testcase>
  <testcase name="testCreateEmailMessage" classname="azkaban.utils.EmailerTest" time="0.009"/>
  <system-out><![CDATA[]]></system-out>
  <system-err><![CDATA[]]></system-err>
</testsuite>
