<?xml version="1.0" encoding="UTF-8"?>
<testsuite name="azkaban.utils.AbstractMailerTest" tests="2" skipped="0" failures="0" errors="0" timestamp="2017-06-07T20:31:22" hostname="mars" time="0.005">
  <properties/>
  <testcase name="testCreateDefaultEmailMessage" classname="azkaban.utils.AbstractMailerTest" time="0.0"/>
  <testcase name="testCreateEmailMessage" classname="azkaban.utils.AbstractMailerTest" time="0.004"/>
  <system-out><![CDATA[]]></system-out>
  <system-err><![CDATA[]]></system-err>
</testsuite>
