<?xml version="1.0" encoding="UTF-8"?>
<testsuite name="azkaban.execapp.StatisticsServletTest" tests="4" skipped="4" failures="0" errors="0" timestamp="2017-06-07T20:34:40" hostname="mars" time="0.0">
  <properties/>
  <testcase name="testFillMemory" classname="azkaban.execapp.StatisticsServletTest" time="0.0">
    <skipped/>
  </testcase>
  <testcase name="testPopulateStatistics" classname="azkaban.execapp.StatisticsServletTest" time="0.0">
    <skipped/>
  </testcase>
  <testcase name="testFillCpu" classname="azkaban.execapp.StatisticsServletTest" time="0.0">
    <skipped/>
  </testcase>
  <testcase name="testPopulateStatisticsCache" classname="azkaban.execapp.StatisticsServletTest" time="0.0">
    <skipped/>
  </testcase>
  <system-out><![CDATA[]]></system-out>
  <system-err><![CDATA[]]></system-err>
</testsuite>
