<?xml version="1.0" encoding="UTF-8"?>
<testsuite name="azkaban.execapp.FlowRunnerPipelineTest" tests="3" skipped="3" failures="0" errors="0" timestamp="2017-06-07T20:34:34" hostname="mars" time="0.002">
  <properties/>
  <testcase name="testBasicPipelineLevel2Run2" classname="azkaban.execapp.FlowRunnerPipelineTest" time="0.0">
    <skipped/>
  </testcase>
  <testcase name="testBasicPipelineLevel1Run" classname="azkaban.execapp.FlowRunnerPipelineTest" time="0.0">
    <skipped/>
  </testcase>
  <testcase name="testBasicPipelineLevel2Run" classname="azkaban.execapp.FlowRunnerPipelineTest" time="0.0">
    <skipped/>
  </testcase>
  <system-out><![CDATA[]]></system-out>
  <system-err><![CDATA[]]></system-err>
</testsuite>
