<?xml version="1.0" encoding="UTF-8"?>
<testsuite name="azkaban.execapp.ProjectVersionsTest" tests="1" skipped="0" failures="0" errors="0" timestamp="2017-06-07T20:34:34" hostname="mars" time="0.0">
  <properties/>
  <testcase name="testVersionOrdering" classname="azkaban.execapp.ProjectVersionsTest" time="0.0"/>
  <system-out><![CDATA[]]></system-out>
  <system-err><![CDATA[]]></system-err>
</testsuite>
