<?xml version="1.0" encoding="UTF-8"?>
<testsuite name="azkaban.execapp.event.JobCallbackRequestMakerTest" tests="4" skipped="0" failures="0" errors="0" timestamp="2017-06-07T20:34:35" hostname="mars" time="5.201">
  <properties/>
  <testcase name="basicPostTest" classname="azkaban.execapp.event.JobCallbackRequestMakerTest" time="1.171"/>
  <testcase name="unResponsiveGetTest" classname="azkaban.execapp.event.JobCallbackRequestMakerTest" time="3.015"/>
  <testcase name="basicGetTest" classname="azkaban.execapp.event.JobCallbackRequestMakerTest" time="1.009"/>
  <testcase name="simulateNotOKStatusCodeTest" classname="azkaban.execapp.event.JobCallbackRequestMakerTest" time="0.004"/>
  <system-out><![CDATA[Start server
2017/06/07 21:34:35.054 +0100 INFO [Test worker] [log] jetty-6.1.26
2017/06/07 21:34:35.056 +0100 INFO [Test worker] [log] Started SocketConnector@0.0.0.0:8989
2017/06/07 21:34:35.067 +0100 INFO [Time-limited test] [JobCallbackUtil] postActualBody: This is it
2017/06/07 21:34:35.073 +0100 INFO [Time-limited test] [JobCallbackUtil] headers: null
2017/06/07 21:34:35.076 +0100 INFO [Time-limited test] [JobCallbackRequestMakerTest] Job callback http request: POST http://localhost:8989/delay?sleepDuration=1 HTTP/1.1
2017/06/07 21:34:35.077 +0100 INFO [Time-limited test] [JobCallbackRequestMakerTest] headers [
2017/06/07 21:34:35.077 +0100 INFO [Time-limited test] [JobCallbackRequestMakerTest] ]
2017/06/07 21:34:35.201 +0100 INFO [811871194@qtp-1812344262-0] [JobCallbackRequestMakerTest] Get post request: /delay
2017/06/07 21:34:35.210 +0100 INFO [811871194@qtp-1812344262-0] [JobCallbackRequestMakerTest] Get post request params: {sleepDuration=[Ljava.lang.String;@1d01f843}
2017/06/07 21:34:35.211 +0100 INFO [811871194@qtp-1812344262-0] [JobCallbackRequestMakerTest] post body: This is it
2017/06/07 21:34:35.211 +0100 INFO [811871194@qtp-1812344262-0] [JobCallbackRequestMakerTest] Delay for: 1000
2017/06/07 21:34:36.227 +0100 INFO [pool-169-thread-1] [JobCallbackRequestMakerTest] HTTP response [
2017/06/07 21:34:36.227 +0100 INFO [pool-169-thread-1] [JobCallbackRequestMakerTest] Voila!!
2017/06/07 21:34:36.227 +0100 INFO [pool-169-thread-1] [JobCallbackRequestMakerTest] ]
2017/06/07 21:34:36.228 +0100 INFO [Time-limited test] [JobCallbackRequestMakerTest] http callback status code: 200
2017/06/07 21:34:36.230 +0100 INFO [Time-limited test] [JobCallbackUtil] headers: null
2017/06/07 21:34:36.231 +0100 INFO [Time-limited test] [JobCallbackRequestMakerTest] Job callback http request: GET http://localhost:8989/delay?sleepDuration=10 HTTP/1.1
2017/06/07 21:34:36.231 +0100 INFO [Time-limited test] [JobCallbackRequestMakerTest] headers [
2017/06/07 21:34:36.233 +0100 INFO [Time-limited test] [JobCallbackRequestMakerTest] ]
2017/06/07 21:34:36.235 +0100 INFO [811871194@qtp-1812344262-0] [JobCallbackRequestMakerTest] Get get request: /delay
2017/06/07 21:34:36.235 +0100 INFO [811871194@qtp-1812344262-0] [JobCallbackRequestMakerTest] Get get request params: {sleepDuration=[Ljava.lang.String;@7e41a6d0}
2017/06/07 21:34:36.235 +0100 INFO [811871194@qtp-1812344262-0] [JobCallbackRequestMakerTest] Delay for: 10000
2017/06/07 21:34:39.241 +0100 WARN [Time-limited test] [JobCallbackRequestMakerTest] Job callback target took longer 5 seconds to respond
java.util.concurrent.ExecutionException: java.net.SocketTimeoutException: Read timed out
	at java.util.concurrent.FutureTask.report(FutureTask.java:122)
	at java.util.concurrent.FutureTask.get(FutureTask.java:206)
	at azkaban.execapp.event.JobCallbackRequestMaker.makeHttpRequest(JobCallbackRequestMaker.java:153)
	at azkaban.execapp.event.JobCallbackRequestMakerTest.unResponsiveGetTest(JobCallbackRequestMakerTest.java:144)
	at sun.reflect.NativeMethodAccessorImpl.invoke0(Native Method)
	at sun.reflect.NativeMethodAccessorImpl.invoke(NativeMethodAccessorImpl.java:62)
	at sun.reflect.DelegatingMethodAccessorImpl.invoke(DelegatingMethodAccessorImpl.java:43)
	at java.lang.reflect.Method.invoke(Method.java:498)
	at org.junit.runners.model.FrameworkMethod$1.runReflectiveCall(FrameworkMethod.java:50)
	at org.junit.internal.runners.model.ReflectiveCallable.run(ReflectiveCallable.java:12)
	at org.junit.runners.model.FrameworkMethod.invokeExplosively(FrameworkMethod.java:47)
	at org.junit.internal.runners.statements.InvokeMethod.evaluate(InvokeMethod.java:17)
	at org.junit.internal.runners.statements.FailOnTimeout$CallableStatement.call(FailOnTimeout.java:298)
	at org.junit.internal.runners.statements.FailOnTimeout$CallableStatement.call(FailOnTimeout.java:292)
	at java.util.concurrent.FutureTask.run(FutureTask.java:266)
	at java.lang.Thread.run(Thread.java:745)
Caused by: java.net.SocketTimeoutException: Read timed out
	at java.net.SocketInputStream.socketRead0(Native Method)
	at java.net.SocketInputStream.socketRead(SocketInputStream.java:116)
	at java.net.SocketInputStream.read(SocketInputStream.java:170)
	at java.net.SocketInputStream.read(SocketInputStream.java:141)
	at org.apache.http.impl.io.SessionInputBufferImpl.streamRead(SessionInputBufferImpl.java:137)
	at org.apache.http.impl.io.SessionInputBufferImpl.fillBuffer(SessionInputBufferImpl.java:153)
	at org.apache.http.impl.io.SessionInputBufferImpl.readLine(SessionInputBufferImpl.java:282)
	at org.apache.http.impl.conn.DefaultHttpResponseParser.parseHead(DefaultHttpResponseParser.java:140)
	at org.apache.http.impl.conn.DefaultHttpResponseParser.parseHead(DefaultHttpResponseParser.java:57)
	at org.apache.http.impl.io.AbstractMessageParser.parse(AbstractMessageParser.java:259)
	at org.apache.http.impl.DefaultBHttpClientConnection.receiveResponseHeader(DefaultBHttpClientConnection.java:163)
	at org.apache.http.impl.conn.CPoolProxy.receiveResponseHeader(CPoolProxy.java:167)
	at org.apache.http.protocol.HttpRequestExecutor.doReceiveResponse(HttpRequestExecutor.java:273)
	at org.apache.http.protocol.HttpRequestExecutor.execute(HttpRequestExecutor.java:125)
	at org.apache.http.impl.execchain.MainClientExec.execute(MainClientExec.java:271)
	at org.apache.http.impl.execchain.ProtocolExec.execute(ProtocolExec.java:184)
	at org.apache.http.impl.execchain.RetryExec.execute(RetryExec.java:88)
	at org.apache.http.impl.execchain.RedirectExec.execute(RedirectExec.java:110)
	at org.apache.http.impl.client.InternalHttpClient.doExecute(InternalHttpClient.java:184)
	at org.apache.http.impl.client.CloseableHttpClient.execute(CloseableHttpClient.java:71)
	at org.apache.http.impl.client.CloseableHttpClient.execute(CloseableHttpClient.java:220)
	at org.apache.http.impl.client.CloseableHttpClient.execute(CloseableHttpClient.java:164)
	at org.apache.http.impl.client.HttpRequestTaskCallable.call(HttpRequestTaskCallable.java:89)
	at java.util.concurrent.FutureTask.run(FutureTask.java:266)
	at java.util.concurrent.ThreadPoolExecutor.runWorker(ThreadPoolExecutor.java:1142)
	at java.util.concurrent.ThreadPoolExecutor$Worker.run(ThreadPoolExecutor.java:617)
	... 1 more
2017/06/07 21:34:39.246 +0100 INFO [Time-limited test] [JobCallbackUtil] headers: null
2017/06/07 21:34:39.246 +0100 INFO [Time-limited test] [JobCallbackRequestMakerTest] Job callback http request: GET http://localhost:8989/delay?sleepDuration=1 HTTP/1.1
2017/06/07 21:34:39.247 +0100 INFO [Time-limited test] [JobCallbackRequestMakerTest] headers [
2017/06/07 21:34:39.247 +0100 INFO [Time-limited test] [JobCallbackRequestMakerTest] ]
2017/06/07 21:34:39.252 +0100 INFO [1032308491@qtp-1812344262-2] [JobCallbackRequestMakerTest] Get get request: /delay
2017/06/07 21:34:39.252 +0100 INFO [1032308491@qtp-1812344262-2] [JobCallbackRequestMakerTest] Get get request params: {sleepDuration=[Ljava.lang.String;@716a412}
2017/06/07 21:34:39.252 +0100 INFO [1032308491@qtp-1812344262-2] [JobCallbackRequestMakerTest] Delay for: 1000
2017/06/07 21:34:40.252 +0100 INFO [1032308491@qtp-1812344262-2] [JobCallbackRequestMakerTest] handleDelay elapse: 1000
2017/06/07 21:34:40.253 +0100 INFO [pool-169-thread-3] [JobCallbackRequestMakerTest] HTTP response [
2017/06/07 21:34:40.253 +0100 INFO [pool-169-thread-3] [JobCallbackRequestMakerTest] Voila!!
2017/06/07 21:34:40.253 +0100 INFO [pool-169-thread-3] [JobCallbackRequestMakerTest] ]
2017/06/07 21:34:40.254 +0100 INFO [Time-limited test] [JobCallbackRequestMakerTest] http callback status code: 200
2017/06/07 21:34:40.255 +0100 INFO [Time-limited test] [JobCallbackUtil] headers: null
2017/06/07 21:34:40.255 +0100 INFO [Time-limited test] [JobCallbackRequestMakerTest] Job callback http request: GET http://localhost:8989/delay?returnedStatusCode=404 HTTP/1.1
2017/06/07 21:34:40.255 +0100 INFO [Time-limited test] [JobCallbackRequestMakerTest] headers [
2017/06/07 21:34:40.255 +0100 INFO [Time-limited test] [JobCallbackRequestMakerTest] ]
2017/06/07 21:34:40.257 +0100 INFO [1032308491@qtp-1812344262-2] [JobCallbackRequestMakerTest] Get get request: /delay
2017/06/07 21:34:40.257 +0100 INFO [1032308491@qtp-1812344262-2] [JobCallbackRequestMakerTest] Get get request params: {returnedStatusCode=[Ljava.lang.String;@3292028}
2017/06/07 21:34:40.257 +0100 INFO [1032308491@qtp-1812344262-2] [JobCallbackRequestMakerTest] handleDelay elapse: 0
2017/06/07 21:34:40.257 +0100 INFO [pool-169-thread-4] [JobCallbackRequestMakerTest] HTTP response [
2017/06/07 21:34:40.258 +0100 INFO [pool-169-thread-4] [JobCallbackRequestMakerTest] Not good
2017/06/07 21:34:40.258 +0100 INFO [pool-169-thread-4] [JobCallbackRequestMakerTest] ]
2017/06/07 21:34:40.258 +0100 INFO [Time-limited test] [JobCallbackRequestMakerTest] http callback status code: 404
Shutting down server
2017/06/07 21:34:40.258 +0100 INFO [Test worker] [log] Stopped SocketConnector@0.0.0.0:8989
2017/06/07 21:34:40.262 +0100 INFO [811871194@qtp-1812344262-0] [JobCallbackRequestMakerTest] handleDelay elapse: 4027
]]></system-out>
  <system-err><![CDATA[]]></system-err>
</testsuite>
