<?xml version="1.0" encoding="UTF-8"?>
<testsuite name="azkaban.execapp.FlowRunnerPropertyResolutionTest" tests="1" skipped="1" failures="0" errors="0" timestamp="2017-06-07T20:34:28" hostname="mars" time="0.0">
  <properties/>
  <testcase name="testPropertyResolution" classname="azkaban.execapp.FlowRunnerPropertyResolutionTest" time="0.0">
    <skipped/>
  </testcase>
  <system-out><![CDATA[]]></system-out>
  <system-err><![CDATA[]]></system-err>
</testsuite>
