<?xml version="1.0" encoding="UTF-8"?>
<testsuite name="azkaban.execapp.AzkabanExecutorServerTest" tests="1" skipped="0" failures="0" errors="0" timestamp="2017-06-07T20:34:33" hostname="mars" time="1.262">
  <properties/>
  <testcase name="testInjection" classname="azkaban.execapp.AzkabanExecutorServerTest" time="1.262"/>
  <system-out><![CDATA[2017/06/07 21:34:29.679 +0100 INFO [Test worker] [AzkabanDatabaseUpdater] Use scripting directory /opt/azkaban/azkaban-db/src/main/sql
2017/06/07 21:34:29.679 +0100 INFO [Test worker] [AzkabanDatabaseUpdater] Will auto update any changes.
2017/06/07 21:34:30.144 +0100 INFO [Test worker] [DataSourceUtils] h2 DB path: /opt/azkaban/azkaban-exec-server/./h2
2017/06/07 21:34:31.716 +0100 INFO [Test worker] [AzkabanDatabaseSetup] Searching for installed tables
2017/06/07 21:34:33.475 +0100 INFO [Test worker] [AzkabanDatabaseSetup] Searching for table versions in the properties table
2017/06/07 21:34:33.476 +0100 INFO [Test worker] [AzkabanDatabaseSetup] Properties table doesn't exist.
2017/06/07 21:34:33.481 +0100 INFO [Test worker] [AzkabanDatabaseUpdater] Need to update the db.
2017/06/07 21:34:33.481 +0100 INFO [Test worker] [AzkabanDatabaseSetup] No installed tables found.
2017/06/07 21:34:33.481 +0100 INFO [Test worker] [AzkabanDatabaseSetup] The following are missing tables that need to be installed
2017/06/07 21:34:33.481 +0100 INFO [Test worker] [AzkabanDatabaseSetup]  execution_logs
2017/06/07 21:34:33.481 +0100 INFO [Test worker] [AzkabanDatabaseSetup]  projects
2017/06/07 21:34:33.481 +0100 INFO [Test worker] [AzkabanDatabaseSetup]  project_files
2017/06/07 21:34:33.481 +0100 INFO [Test worker] [AzkabanDatabaseSetup]  executor_events
2017/06/07 21:34:33.481 +0100 INFO [Test worker] [AzkabanDatabaseSetup]  execution_jobs
2017/06/07 21:34:33.481 +0100 INFO [Test worker] [AzkabanDatabaseSetup]  project_flows
2017/06/07 21:34:33.481 +0100 INFO [Test worker] [AzkabanDatabaseSetup]  triggers
2017/06/07 21:34:33.481 +0100 INFO [Test worker] [AzkabanDatabaseSetup]  project_versions
2017/06/07 21:34:33.481 +0100 INFO [Test worker] [AzkabanDatabaseSetup]  project_events
2017/06/07 21:34:33.481 +0100 INFO [Test worker] [AzkabanDatabaseSetup]  active_sla
2017/06/07 21:34:33.481 +0100 INFO [Test worker] [AzkabanDatabaseSetup]  active_executing_flows
2017/06/07 21:34:33.481 +0100 INFO [Test worker] [AzkabanDatabaseSetup]  execution_flows
2017/06/07 21:34:33.481 +0100 INFO [Test worker] [AzkabanDatabaseSetup]  executors
2017/06/07 21:34:33.481 +0100 INFO [Test worker] [AzkabanDatabaseSetup]  project_permissions
2017/06/07 21:34:33.481 +0100 INFO [Test worker] [AzkabanDatabaseSetup]  properties
2017/06/07 21:34:33.481 +0100 INFO [Test worker] [AzkabanDatabaseSetup]  project_properties
2017/06/07 21:34:33.481 +0100 INFO [Test worker] [AzkabanDatabaseSetup] No tables need to be updated.
2017/06/07 21:34:33.481 +0100 INFO [Test worker] [AzkabanDatabaseUpdater] Updating DB
2017/06/07 21:34:33.481 +0100 INFO [Test worker] [AzkabanDatabaseSetup] Creating new table properties version 3.10.1
2017/06/07 21:34:33.500 +0100 INFO [Test worker] [AzkabanDatabaseSetup] Creating new table execution_logs version 3.10.1
2017/06/07 21:34:33.508 +0100 INFO [Test worker] [AzkabanDatabaseSetup] Creating new table projects version 3.10.1
2017/06/07 21:34:33.531 +0100 INFO [Test worker] [AzkabanDatabaseSetup] Creating new table project_files version 3.10.1
2017/06/07 21:34:33.537 +0100 INFO [Test worker] [AzkabanDatabaseSetup] Creating new table executor_events version 3.10.1
2017/06/07 21:34:33.540 +0100 INFO [Test worker] [AzkabanDatabaseSetup] Creating new table execution_jobs version 3.10.1
2017/06/07 21:34:33.551 +0100 INFO [Test worker] [AzkabanDatabaseSetup] Creating new table project_flows version 3.10.1
2017/06/07 21:34:33.556 +0100 INFO [Test worker] [AzkabanDatabaseSetup] Creating new table triggers version 3.10.1
2017/06/07 21:34:33.566 +0100 INFO [Test worker] [AzkabanDatabaseSetup] Creating new table project_versions version 3.10.1
2017/06/07 21:34:33.570 +0100 INFO [Test worker] [AzkabanDatabaseSetup] Creating new table project_events version 3.10.1
2017/06/07 21:34:33.584 +0100 INFO [Test worker] [AzkabanDatabaseSetup] Creating new table active_sla version 3.10.1
2017/06/07 21:34:33.603 +0100 INFO [Test worker] [AzkabanDatabaseSetup] Creating new table active_executing_flows version 3.10.1
2017/06/07 21:34:33.608 +0100 INFO [Test worker] [AzkabanDatabaseSetup] Creating new table execution_flows version 3.10.1
2017/06/07 21:34:33.623 +0100 INFO [Test worker] [AzkabanDatabaseSetup] Creating new table executors version 3.10.1
2017/06/07 21:34:33.629 +0100 INFO [Test worker] [AzkabanDatabaseSetup] Creating new table project_permissions version 3.10.1
2017/06/07 21:34:33.633 +0100 INFO [Test worker] [AzkabanDatabaseSetup] Creating new table project_properties version 3.10.1
2017/06/07 21:34:34.336 +0100 INFO [Test worker] [DataSourceUtils] h2 DB path: /opt/azkaban/azkaban-exec-server/./h2
2017/06/07 21:34:34.337 +0100 INFO [Test worker] [DataSourceUtils] h2 DB path: /opt/azkaban/azkaban-exec-server/./h2
2017/06/07 21:34:34.338 +0100 INFO [Test worker] [FlowRunnerManager] Execution dir retention set to 86400000 ms
2017/06/07 21:34:34.340 +0100 INFO [Test worker] [FlowRunnerManager] useNewThreadPool: false
2017/06/07 21:34:34.342 +0100 INFO [Test worker] [JobTypeManager] Loading plugin default job types
2017/06/07 21:34:34.345 +0100 INFO [FlowRunnerManager-Cleaner-Thread] [FlowRunnerManager] # of executing flows: 0
2017/06/07 21:34:34.347 +0100 INFO [FlowRunnerManager-Cleaner-Thread] [FlowRunnerManager] Cleaning recently finished
2017/06/07 21:34:34.348 +0100 INFO [FlowRunnerManager-Cleaner-Thread] [FlowRunnerManager] Cleaning old execution dirs
2017/06/07 21:34:34.370 +0100 INFO [Test worker] [log] Logging to org.slf4j.impl.Log4jLoggerAdapter(org.mortbay.log) via org.mortbay.log.Slf4jLog
2017/06/07 21:34:34.373 +0100 INFO [Test worker] [AzkabanExecutorServer] Setting up connector with stats on: true
2017/06/07 21:34:34.373 +0100 INFO [Test worker] [AzkabanExecutorServer] Jetty connector name: 0.0.0.0:0, default header buffer size: 4096
2017/06/07 21:34:34.373 +0100 INFO [Test worker] [AzkabanExecutorServer] Jetty connector name: 0.0.0.0:0, (if) new header buffer size: 4096
2017/06/07 21:34:34.445 +0100 INFO [Test worker] [JmxJobMBeanManager] Initializing azkaban.execapp.jmx.JmxJobMBeanManager
2017/06/07 21:34:34.445 +0100 INFO [Test worker] [AzkabanExecutorServer] Job callback enabled? true
2017/06/07 21:34:34.445 +0100 INFO [Test worker] [JobCallbackManager] Initializing
2017/06/07 21:34:34.453 +0100 INFO [Test worker] [JobCallbackRequestMaker] responseWaitTimeoutMS: 5000
2017/06/07 21:34:34.461 +0100 INFO [Test worker] [JobCallbackRequestMaker] Global request configuration [expectContinueEnabled=false, proxy=null, localAddress=null, cookieSpec=null, redirectsEnabled=true, relativeRedirectsAllowed=true, maxRedirects=50, circularRedirectsAllowed=false, authenticationEnabled=true, targetPreferredAuthSchemes=null, proxyPreferredAuthSchemes=null, connectionRequestTimeout=3000, connectTimeout=3000, socketTimeout=3000, contentCompressionEnabled=true]
2017/06/07 21:34:34.812 +0100 INFO [Test worker] [JobCallbackRequestMaker] Jobcall thread pool size: 10
2017/06/07 21:34:34.814 +0100 INFO [Test worker] [JobCallbackRequestMaker] Initialization for azkaban.execapp.event.JobCallbackRequestMaker is completed
2017/06/07 21:34:34.821 +0100 INFO [Test worker] [JobCallbackManager] Initialization completed azkaban.execapp.event.JobCallbackManager
2017/06/07 21:34:34.822 +0100 INFO [Test worker] [JobCallbackManager] azkabanHostName mars
2017/06/07 21:34:34.822 +0100 INFO [Test worker] [AzkabanExecutorServer] Registering MBeans...
2017/06/07 21:34:34.836 +0100 INFO [Test worker] [AzkabanExecutorServer] Bean azkaban.jmx.JmxJettyServer registered.
2017/06/07 21:34:34.840 +0100 INFO [Test worker] [AzkabanExecutorServer] Bean azkaban.execapp.jmx.JmxFlowRunnerManager registered.
2017/06/07 21:34:34.845 +0100 INFO [Test worker] [AzkabanExecutorServer] Bean azkaban.execapp.jmx.JmxJobMBeanManager registered.
2017/06/07 21:34:34.846 +0100 INFO [Test worker] [AzkabanExecutorServer] Bean azkaban.execapp.jmx.JmxJobCallback registered.
2017/06/07 21:34:34.848 +0100 INFO [Test worker] [AzkabanExecutorServer] No value for property: jmx.attribute.processor.class was found
2017/06/07 21:34:34.848 +0100 INFO [Test worker] [log] jetty-6.1.26
2017/06/07 21:34:34.895 +0100 INFO [Test worker] [log] Started SocketConnector@0.0.0.0:45683
2017/06/07 21:34:34.918 +0100 INFO [Test worker] [AzkabanExecutorServer] Started Executor Server on mars.home:45683
]]></system-out>
  <system-err><![CDATA[]]></system-err>
</testsuite>
